<?xml version="1.0" encoding="UTF-8"?>
<testsuites tests="5" failures="2" disabled="0" errors="0" time="0" timestamp="2021-10-02T13:45:42" name="AllTests">
  <testsuite name="eigen_atan2" tests="1" failures="0" disabled="0" errors="0" time="0" timestamp="2021-10-02T13:45:42">
    <testcase name="expect_true" status="run" result="completed" time="0" timestamp="2021-10-02T13:45:42" classname="eigen_atan2" />
  </testsuite>
  <testsuite name="Quaternions" tests="2" failures="0" disabled="0" errors="0" time="0" timestamp="2021-10-02T13:45:42">
    <testcase name="quaternion_to_RPY" status="run" result="completed" time="0" timestamp="2021-10-02T13:45:42" classname="Quaternions" />
    <testcase name="RPY_to_quaternion" status="run" result="completed" time="0" timestamp="2021-10-02T13:45:42" classname="Quaternions" />
  </testsuite>
  <testsuite name="GPS_Functions" tests="2" failures="2" disabled="0" errors="0" time="0" timestamp="2021-10-02T13:45:42">
    <testcase name="NED_to_LatLong" status="run" result="completed" time="0" timestamp="2021-10-02T13:45:42" classname="GPS_Functions">
      <failure message="/home/cameron/NUMarine_ws/src/navigation/tests/navTest.cpp:148&#x0A;The difference between geo(1) and expectedGeo(1) is 5.5602586428449285e-06, which exceeds pow(10,-6), where&#x0A;geo(1) evaluates to 150.67973043974135,&#x0A;expectedGeo(1) evaluates to 150.67973599999999, and&#x0A;pow(10,-6) evaluates to 9.9999999999999995e-07." type=""><![CDATA[/home/cameron/NUMarine_ws/src/navigation/tests/navTest.cpp:148
The difference between geo(1) and expectedGeo(1) is 5.5602586428449285e-06, which exceeds pow(10,-6), where
geo(1) evaluates to 150.67973043974135,
expectedGeo(1) evaluates to 150.67973599999999, and
pow(10,-6) evaluates to 9.9999999999999995e-07.]]></failure>
    </testcase>
    <testcase name="NED_to_LatLong_nonZero" status="run" result="completed" time="0" timestamp="2021-10-02T13:45:42" classname="GPS_Functions">
      <failure message="/home/cameron/NUMarine_ws/src/navigation/tests/navTest.cpp:167&#x0A;The difference between geo(1) and expectedGeo(1) is 5.5602586428449285e-06, which exceeds pow(10,-6), where&#x0A;geo(1) evaluates to 150.67973043974135,&#x0A;expectedGeo(1) evaluates to 150.67973599999999, and&#x0A;pow(10,-6) evaluates to 9.9999999999999995e-07." type=""><![CDATA[/home/cameron/NUMarine_ws/src/navigation/tests/navTest.cpp:167
The difference between geo(1) and expectedGeo(1) is 5.5602586428449285e-06, which exceeds pow(10,-6), where
geo(1) evaluates to 150.67973043974135,
expectedGeo(1) evaluates to 150.67973599999999, and
pow(10,-6) evaluates to 9.9999999999999995e-07.]]></failure>
    </testcase>
  </testsuite>
</testsuites>
