<?xml version="1.0" encoding="UTF-8"?>
<testsuites tests="12" failures="0" disabled="0" errors="0" time="0.001" timestamp="2021-10-08T12:41:16" name="AllTests">
  <testsuite name="eigen_atan2" tests="2" failures="0" disabled="0" errors="0" time="0" timestamp="2021-10-08T12:41:16">
    <testcase name="expect_true" status="run" result="completed" time="0" timestamp="2021-10-08T12:41:16" classname="eigen_atan2" />
    <testcase name="expect_true" status="run" result="completed" time="0" timestamp="2021-10-08T12:41:16" classname="eigen_atan2" />
  </testsuite>
  <testsuite name="Quaternions" tests="4" failures="0" disabled="0" errors="0" time="0.001" timestamp="2021-10-08T12:41:16">
    <testcase name="quaternion_to_RPY" status="run" result="completed" time="0.001" timestamp="2021-10-08T12:41:16" classname="Quaternions" />
    <testcase name="RPY_to_quaternion" status="run" result="completed" time="0" timestamp="2021-10-08T12:41:16" classname="Quaternions" />
    <testcase name="quaternion_to_RPY" status="run" result="completed" time="0" timestamp="2021-10-08T12:41:16" classname="Quaternions" />
    <testcase name="RPY_to_quaternion" status="run" result="completed" time="0" timestamp="2021-10-08T12:41:16" classname="Quaternions" />
  </testsuite>
  <testsuite name="GPS_Functions" tests="4" failures="0" disabled="0" errors="0" time="0" timestamp="2021-10-08T12:41:16">
    <testcase name="NED_to_LatLong" status="run" result="completed" time="0" timestamp="2021-10-08T12:41:16" classname="GPS_Functions" />
    <testcase name="NED_to_LatLong_nonZero" status="run" result="completed" time="0" timestamp="2021-10-08T12:41:16" classname="GPS_Functions" />
    <testcase name="NED_to_LatLong" status="run" result="completed" time="0" timestamp="2021-10-08T12:41:16" classname="GPS_Functions" />
    <testcase name="NED_to_LatLong_nonZero" status="run" result="completed" time="0" timestamp="2021-10-08T12:41:16" classname="GPS_Functions" />
  </testsuite>
  <testsuite name="Helpers" tests="2" failures="0" disabled="0" errors="0" time="0" timestamp="2021-10-08T12:41:16">
    <testcase name="Weighted_Resample" status="run" result="completed" time="0" timestamp="2021-10-08T12:41:16" classname="Helpers" />
    <testcase name="Weighted_Resample" status="run" result="completed" time="0" timestamp="2021-10-08T12:41:16" classname="Helpers" />
  </testsuite>
</testsuites>
